Streaming transaction logs mentioning BNDCEb5uXCuWDxJW9BGmbfvR1JBMAKckfhYrEKW2Bv1W. Confirmed commitment
Transaction executed in slot 3:
  Signature: 47FpGJyGZjg5M4oZMymc4F87V1e6oy7nAXfjnPZYB37JNDfXb7WqAFf4FK5GUzErBzVVzC55Y13W3ovKezCZiiYw
  Status: Ok
  Log Messages:
    Program BNDCEb5uXCuWDxJW9BGmbfvR1JBMAKckfhYrEKW2Bv1W invoke [1]
    Program log: Instruction: SendPost
    Program 11111111111111111111111111111111 invoke [2]
    Program 11111111111111111111111111111111 success
    Program BNDCEb5uXCuWDxJW9BGmbfvR1JBMAKckfhYrEKW2Bv1W consumed 8233 of 200000 compute units
    Program BNDCEb5uXCuWDxJW9BGmbfvR1JBMAKckfhYrEKW2Bv1W success
Transaction executed in slot 4:
  Signature: 5KPzhDF2JJsznDzUDjT4xEGsqht1HAMA8AScZ95m8aEYweVBspPemZbnYRpcCBcyvMYjuYeu9s737cph3xDxixvt
  Status: Ok
  Log Messages:
    Program BNDCEb5uXCuWDxJW9BGmbfvR1JBMAKckfhYrEKW2Bv1W invoke [1]
    Program log: Instruction: SendPost
    Program 11111111111111111111111111111111 invoke [2]
    Program 11111111111111111111111111111111 success
    Program BNDCEb5uXCuWDxJW9BGmbfvR1JBMAKckfhYrEKW2Bv1W consumed 7545 of 200000 compute units
    Program BNDCEb5uXCuWDxJW9BGmbfvR1JBMAKckfhYrEKW2Bv1W success
Transaction executed in slot 6:
  Signature: 54wcEg9otEWiE1vW2UYZeBh9uW2KeM3zQsDdY6tbbL8XEnBJdYdfrn6M31pyT9rNpEuMdnfMFRjdMh3uNw2KMJSM
  Status: Ok
  Log Messages:
    Program BNDCEb5uXCuWDxJW9BGmbfvR1JBMAKckfhYrEKW2Bv1W invoke [1]
    Program log: Instruction: SendPost
    Program 11111111111111111111111111111111 invoke [2]
    Program 11111111111111111111111111111111 success
    Program BNDCEb5uXCuWDxJW9BGmbfvR1JBMAKckfhYrEKW2Bv1W consumed 8159 of 200000 compute units
    Program BNDCEb5uXCuWDxJW9BGmbfvR1JBMAKckfhYrEKW2Bv1W success
Transaction executed in slot 7:
  Signature: 5fDdS6yKKJJHDrm8g17FNuNQZwWUzgRM71NuJy3Y4XQGLdmjVU7Ac8umWnjB5cxFbWjRGVwj6yYQS7XPWLTLtjVS
  Status: Ok
  Log Messages:
    Program BNDCEb5uXCuWDxJW9BGmbfvR1JBMAKckfhYrEKW2Bv1W invoke [1]
    Program log: Instruction: SendPost
    Program 11111111111111111111111111111111 invoke [2]
    Program 11111111111111111111111111111111 success
    Program BNDCEb5uXCuWDxJW9BGmbfvR1JBMAKckfhYrEKW2Bv1W consumed 8036 of 200000 compute units
    Program BNDCEb5uXCuWDxJW9BGmbfvR1JBMAKckfhYrEKW2Bv1W success
Transaction executed in slot 8:
  Signature: 3Jpcf2BTMP9FYBZkVg9mVfs9m2WFoxhzcSZedH2EUvtE2n6ZudVZ5NZv2aCKd6LYJFaJ6SpXLEo36znTeVWzS2kD
  Status: Ok
  Log Messages:
    Program BNDCEb5uXCuWDxJW9BGmbfvR1JBMAKckfhYrEKW2Bv1W invoke [1]
    Program log: Instruction: UpdatePost
    Program BNDCEb5uXCuWDxJW9BGmbfvR1JBMAKckfhYrEKW2Bv1W consumed 4075 of 200000 compute units
    Program BNDCEb5uXCuWDxJW9BGmbfvR1JBMAKckfhYrEKW2Bv1W success
Transaction executed in slot 9:
  Signature: 32KpBe3cgY6xnHFqxn5LkTLXuB1R2jVDuR5D7GUkdHx2j89eDDL6BQTyCJG5p7HEAxGKpQQEtk1sq5ZZ1UoiZ7qy
  Status: Ok
  Log Messages:
    Program BNDCEb5uXCuWDxJW9BGmbfvR1JBMAKckfhYrEKW2Bv1W invoke [1]
    Program log: Instruction: SendPost
    Program 11111111111111111111111111111111 invoke [2]
    Program 11111111111111111111111111111111 success
    Program BNDCEb5uXCuWDxJW9BGmbfvR1JBMAKckfhYrEKW2Bv1W consumed 8085 of 200000 compute units
    Program BNDCEb5uXCuWDxJW9BGmbfvR1JBMAKckfhYrEKW2Bv1W success
Transaction executed in slot 10:
  Signature: 9HTjgqArcQK1tfgxP4pQhwmyEiG81xiFDZSLr9D3zphYncdU4Q9MQiyXk4CSHJcpucY92i2QGbgpakp3XtYrHNA
  Status: Ok
  Log Messages:
    Program BNDCEb5uXCuWDxJW9BGmbfvR1JBMAKckfhYrEKW2Bv1W invoke [1]
    Program log: Instruction: SendPost
    Program 11111111111111111111111111111111 invoke [2]
    Program 11111111111111111111111111111111 success
    Program BNDCEb5uXCuWDxJW9BGmbfvR1JBMAKckfhYrEKW2Bv1W consumed 7890 of 200000 compute units
    Program BNDCEb5uXCuWDxJW9BGmbfvR1JBMAKckfhYrEKW2Bv1W success
Transaction executed in slot 10:
  Signature: 4SqBBSb8gko7w4VD5r5n7zZrCERSLyJ3iMi6epMCUHAKraS66Thq2SC5agXzUMC6ovNaHjyaEUbWHD3bfoknUaqN
  Status: Ok
  Log Messages:
    Program BNDCEb5uXCuWDxJW9BGmbfvR1JBMAKckfhYrEKW2Bv1W invoke [1]
    Program log: Instruction: DeletePost
    Program BNDCEb5uXCuWDxJW9BGmbfvR1JBMAKckfhYrEKW2Bv1W consumed 2592 of 200000 compute units
    Program BNDCEb5uXCuWDxJW9BGmbfvR1JBMAKckfhYrEKW2Bv1W success
Transaction executed in slot 11:
  Signature: 4SqBBSb8gko7w4VD5r5n7zZrCERSLyJ3iMi6epMCUHAKraS66Thq2SC5agXzUMC6ovNaHjyaEUbWHD3bfoknUaqN
  Status: Ok
  Log Messages:
    Program BNDCEb5uXCuWDxJW9BGmbfvR1JBMAKckfhYrEKW2Bv1W invoke [1]
    Program log: Instruction: DeletePost
    Program BNDCEb5uXCuWDxJW9BGmbfvR1JBMAKckfhYrEKW2Bv1W consumed 2592 of 200000 compute units
    Program BNDCEb5uXCuWDxJW9BGmbfvR1JBMAKckfhYrEKW2Bv1W success
Transaction executed in slot 12:
  Signature: MJ2iGGbiQ8MM4K3ATdAdgYCG9j7Mu8ksxfLn2FDnyWbjdoC4UyZwyzMXTpC3b6tjn5B95RoMsBCaUzCTSKCaxz5
  Status: Ok
  Log Messages:
    Program BNDCEb5uXCuWDxJW9BGmbfvR1JBMAKckfhYrEKW2Bv1W invoke [1]
    Program log: Instruction: SendPost
    Program 11111111111111111111111111111111 invoke [2]
    Program 11111111111111111111111111111111 success
    Program BNDCEb5uXCuWDxJW9BGmbfvR1JBMAKckfhYrEKW2Bv1W consumed 7890 of 200000 compute units
    Program BNDCEb5uXCuWDxJW9BGmbfvR1JBMAKckfhYrEKW2Bv1W success
